LifeTimerProject/Eclipse/proguard/seeds.txt
peng.bo.ploto2003ub.lifetime.savetime.A_MainActivity
peng.bo.ploto2003ub.lifetime.savetime.B_SetActivity
peng.bo.ploto2003ub.lifetime.savetime.C_More_info_list
peng.bo.ploto2003ub.lifetime.savetime.D_ContextActivity
peng.bo.ploto2003ub.lifetime.savetime.E_BBSActivity
peng.bo.ploto2003ub.lifetime.savetime.desktop.DigitClock
...
cn.waps.AppConnect
cn.waps.AppConnect: java.lang.String LIBRARY_VERSION_NUMBER
cn.waps.AppConnect: java.util.concurrent.ScheduledExecutorService p
cn.waps.AppConnect: cn.waps.ad q
cn.waps.AppConnect: android.content.Context a
cn.waps.AppConnect: cn.waps.AppConnect r
cn.waps.AppConnect: cn.waps.am s
cn.waps.AppConnect: java.lang.String b
cn.waps.AppConnect: java.lang.String t
cn.waps.AppConnect: java.lang.String u
cn.waps.AppConnect: java.lang.String v
cn.waps.AppConnect: java.lang.String w
cn.waps.AppConnect: java.lang.String x
cn.waps.AppConnect: java.lang.String y
cn.waps.AppConnect: java.lang.String z
cn.waps.AppConnect: java.lang.String A
cn.waps.AppConnect: java.lang.String B
cn.waps.AppConnect: java.lang.String C
cn.waps.AppConnect: java.lang.String D
cn.waps.AppConnect: java.lang.String E
cn.waps.AppConnect: java.lang.String F
cn.waps.AppConnect: java.lang.String G
cn.waps.AppConnect: java.lang.String H
cn.waps.AppConnect: java.lang.String I
cn.waps.AppConnect: java.lang.String J
cn.waps.AppConnect: java.lang.String c
cn.waps.AppConnect: java.lang.String K
cn.waps.AppConnect: java.lang.String L
cn.waps.AppConnect: int M
cn.waps.AppConnect: int N
cn.waps.AppConnect: java.lang.String O
cn.waps.AppConnect: boolean P
cn.waps.AppConnect: boolean Q
cn.waps.AppConnect: java.lang.String R
cn.waps.AppConnect: java.lang.String S
cn.waps.AppConnect: java.lang.String T
cn.waps.AppConnect: java.lang.String U
cn.waps.AppConnect: java.lang.String V
cn.waps.AppLog
cn.waps.AppLog: boolean showLog
cn.waps.AppLog: AppLog()
cn.waps.AppLog: void enableLogging(boolean)
cn.waps.AppLog: void i(java.lang.String,java.lang.String)
cn.waps.AppLog: void e(java.lang.String,java.lang.String)
cn.waps.AppLog: void e(java.lang.String,java.lang.String,java.lang.Throwable)
cn.waps.AppLog: void w(java.lang.String,java.lang.String)
cn.waps.AppLog: void w(java.lang.String,java.lang.String,java.lang.Throwable)
cn.waps.AppLog: void d(java.lang.String,java.lang.String)
cn.waps.AppLog: void v(java.lang.String,java.lang.String)
cn.waps.AppLog: void <clinit>()
cn.waps.MiniAdView
cn.waps.MiniAdView: android.os.Handler mHandler
cn.waps.MiniAdView: android.widget.LinearLayout a
cn.waps.MiniAdView: boolean b
cn.waps.MiniAdView: android.view.View c
cn.waps.MiniAdView: android.content.Context d
cn.waps.MiniAdView: long e
cn.waps.MiniAdView: int f
cn.waps.MiniAdView: int[] h
cn.waps.MiniAdView: int i
cn.waps.MiniAdView: cn.waps.AnimationType j
cn.waps.MiniAdView: int k
cn.waps.MiniAdView: java.lang.String l
cn.waps.MiniAdView: int m
cn.waps.MiniAdView: boolean n
cn.waps.MiniAdView: int o
cn.waps.MiniAdView: java.lang.String p
cn.waps.MiniAdView: int q
cn.waps.MiniAdView: int r
cn.waps.MiniAdView: java.lang.String s
cn.waps.MiniAdView: java.lang.String t
cn.waps.MiniAdView: long DELETE_ICON_LIMIT_TIME
cn.waps.MiniAdView: android.content.SharedPreferences u
cn.waps.MiniAdView: android.content.SharedPreferences$Editor v
cn.waps.MiniAdView: cn.waps.AdInfo w
cn.waps.MiniAdView: java.lang.Runnable mUpdateResults
cn.waps.MiniAdView: android.widget.TextView g
cn.waps.MiniAdView: MiniAdView(android.content.Context,android.widget.LinearLayout)
cn.waps.MiniAdView: MiniAdView()
cn.waps.MiniAdView: MiniAdView(android.content.Context)
cn.waps.MiniAdView: cn.waps.MiniAdView setAnimationType(int)
cn.waps.MiniAdView: cn.waps.MiniAdView setAnimationType(int[])
cn.waps.MiniAdView: void DisplayAd()
cn.waps.MiniAdView: void DisplayAd(int)
cn.waps.MiniAdView: void b()
cn.waps.MiniAdView: void c()
cn.waps.MiniAdView: void b(int)