LifeTimerProject/Eclipse/proguard/mapping.txt
peng.bo.ploto2003ub.lifetime.savetime.A_MainActivity -> peng.bo.ploto2003ub.lifetime.savetime.A_MainActivity:
    java.lang.String host -> a
    java.lang.String accessKey -> b
    java.lang.String secretKey -> c
    java.lang.String bucket -> d
    java.lang.String object -> e
    android.content.Context context -> f
    android.content.SharedPreferences sp -> g
    boolean isFirst -> h
    java.lang.String birthday -> i
    java.lang.String birthday_temp001 -> j
    peng.bo.ploto2003ub.lifetime.common.global g -> k
    android.os.Handler handler -> l
    long lifetime -> m
    long lifetime02 -> n
    java.lang.String name -> o
    java.lang.Runnable runnable -> p
    java.lang.String sex -> q
    int sheight -> r
    int showtype -> s
    int swidth -> t
    android.widget.Button note_text001 -> u
    long tempjudge001 -> v
    long tempjudge002 -> w
    long costtemp002 -> x
    long HowLong -> y
    android.os.PowerManager$WakeLock wakeLock -> z
    android.widget.ImageButton button001 -> A
    android.widget.Button qidian -> B
    android.widget.TextView shouming -> C
    android.widget.TextView textview001 -> D
    android.widget.TextView textview002 -> E
    android.widget.TextView textview003 -> F
    android.widget.TextView textview004 -> G
    android.widget.TextView textview005 -> H
    android.widget.TextView textview006 -> I
    android.widget.TextView textview007 -> J
    android.widget.TextView textview008 -> K
    android.widget.TextView textview009 -> L
peng.bo.ploto2003ub.lifetime.savetime.A_MainActivity$1 -> peng.bo.ploto2003ub.lifetime.savetime.a:
    peng.bo.ploto2003ub.lifetime.savetime.A_MainActivity this$0 -> a
    void run() -> run
peng.bo.ploto2003ub.lifetime.savetime.A_MainActivity$2 -> peng.bo.ploto2003ub.lifetime.savetime.b:
    peng.bo.ploto2003ub.lifetime.savetime.A_MainActivity this$0 -> a
    void onClick(android.view.View) -> onClick
peng.bo.ploto2003ub.lifetime.savetime.A_MainActivity$3 -> peng.bo.ploto2003ub.lifetime.savetime.c:
    peng.bo.ploto2003ub.lifetime.savetime.A_MainActivity this$0 -> a
    void onClick(android.view.View) -> onClick
peng.bo.ploto2003ub.lifetime.savetime.A_MainActivity$4 -> peng.bo.ploto2003ub.lifetime.savetime.d:
    peng.bo.ploto2003ub.lifetime.savetime.A_MainActivity this$0 -> a
    void onClick(android.view.View) -> onClick
peng.bo.ploto2003ub.lifetime.savetime.A_MainActivity$5 -> peng.bo.ploto2003ub.lifetime.savetime.e:
    peng.bo.ploto2003ub.lifetime.savetime.A_MainActivity this$0 -> a
    void onClick(android.view.View) -> onClick
peng.bo.ploto2003ub.lifetime.savetime.A_MainActivity$AdThread -> peng.bo.ploto2003ub.lifetime.savetime.f:
    peng.bo.ploto2003ub.lifetime.savetime.A_MainActivity this$0 -> a
    void run() -> run
    void StartMyAd() -> a
...
com.baidu.inf.iis.bcs.policy.PolicyEffect -> com.baidu.inf.iis.bcs.policy.PolicyEffect:
    com.baidu.inf.iis.bcs.policy.PolicyEffect allow -> allow
    com.baidu.inf.iis.bcs.policy.PolicyEffect deny -> deny
    com.baidu.inf.iis.bcs.policy.PolicyEffect[] $VALUES -> $VALUES
    com.baidu.inf.iis.bcs.policy.PolicyEffect[] values() -> values
    com.baidu.inf.iis.bcs.policy.PolicyEffect valueOf(java.lang.String) -> valueOf
com.baidu.inf.iis.bcs.policy.PolicyIP -> com.baidu.inf.iis.bcs.policy.PolicyIP:
    java.util.List singleIpList -> singleIpList
    java.util.List cidrIpList -> cidrIpList
    java.util.List ipRangeList -> ipRangeList
    com.baidu.inf.iis.bcs.policy.PolicyIP addCidrIp(java.lang.String) -> addCidrIp
    com.baidu.inf.iis.bcs.policy.PolicyIP addIpRange(com.baidu.inf.iis.bcs.model.Pair) -> addIpRange
    com.baidu.inf.iis.bcs.policy.PolicyIP addSingleIp(java.lang.String) -> addSingleIp
    java.util.List getCidrIpList() -> getCidrIpList
    java.util.List getIpRangeList() -> getIpRangeList
    java.util.List getSingleIpList() -> getSingleIpList
    boolean isEmpty() -> isEmpty
    void setCidrIpList(java.util.List) -> setCidrIpList
    void setIpRangeList(java.util.List) -> setIpRangeList
    void setSingleIpList(java.util.List) -> setSingleIpList
com.baidu.inf.iis.bcs.policy.PolicyTime -> com.baidu.inf.iis.bcs.policy.PolicyTime:
    java.util.List singleTimeList -> singleTimeList
    java.util.List timeRangeList -> timeRangeList
    com.baidu.inf.iis.bcs.policy.PolicyTime addSingleTime(java.lang.String) -> addSingleTime
    com.baidu.inf.iis.bcs.policy.PolicyTime addTimeRange(com.baidu.inf.iis.bcs.model.Pair) -> addTimeRange
    java.util.List getSingleTimeList() -> getSingleTimeList
    java.util.List getTimeRangeList() -> getTimeRangeList
    boolean isEmpty() -> isEmpty
    void setSingleTimeList(java.util.List) -> setSingleTimeList
    void setTimeRangeList(java.util.List) -> setTimeRangeList
com.baidu.inf.iis.bcs.policy.Statement -> com.baidu.inf.iis.bcs.policy.Statement:
    java.util.List user -> user
    java.util.List resource -> resource
    java.util.List action -> action
    com.baidu.inf.iis.bcs.policy.PolicyEffect effect -> effect
    com.baidu.inf.iis.bcs.policy.PolicyTime time -> time
    com.baidu.inf.iis.bcs.policy.PolicyIP ip -> ip
    com.baidu.inf.iis.bcs.policy.Statement addAction(com.baidu.inf.iis.bcs.policy.PolicyAction) -> addAction
    com.baidu.inf.iis.bcs.policy.Statement addResource(java.lang.String) -> addResource
    com.baidu.inf.iis.bcs.policy.Statement addUser(java.lang.String) -> addUser
    java.util.List getAction() -> getAction
    com.baidu.inf.iis.bcs.policy.PolicyEffect getEffect() -> getEffect
    com.baidu.inf.iis.bcs.policy.PolicyIP getIp() -> getIp
    java.util.List getResource() -> getResource
    com.baidu.inf.iis.bcs.policy.PolicyTime getTime() -> getTime
    java.util.List getUser() -> getUser
    void setAction(java.util.List) -> setAction
    void setEffect(com.baidu.inf.iis.bcs.policy.PolicyEffect) -> setEffect
    void setIp(com.baidu.inf.iis.bcs.policy.PolicyIP) -> setIp
    void setResource(java.util.List) -> setResource
    void setTime(com.baidu.inf.iis.bcs.policy.PolicyTime) -> setTime
    void setUser(java.util.List) -> setUser
com.baidu.inf.iis.bcs.request.BaiduBCSRequest -> com.baidu.inf.iis.bcs.request.BaiduBCSRequest:
    java.lang.String bucket -> bucket
    java.lang.String object -> object
    com.baidu.inf.iis.bcs.http.HttpMethodName httpMethod -> httpMethod
    java.lang.String getBucket() -> getBucket
    com.baidu.inf.iis.bcs.http.HttpMethodName getHttpMethod() -> getHttpMethod
    java.lang.String getObject() -> getObject
    void setBucket(java.lang.String) -> setBucket
    void setHttpMethod(com.baidu.inf.iis.bcs.http.HttpMethodName) -> setHttpMethod
    void setObject(java.lang.String) -> setObject